  Snake.cpp
C:\Users\ugur_\Desktop\git repos\MySnake\MySnake\MySnake\Food.h(27,10): warning C4244: 'return': conversion from 'T' to 'int', possible loss of data
C:\Users\ugur_\Desktop\git repos\MySnake\MySnake\MySnake\Food.h(27,10): warning C4244:         with
C:\Users\ugur_\Desktop\git repos\MySnake\MySnake\MySnake\Food.h(27,10): warning C4244:         [
C:\Users\ugur_\Desktop\git repos\MySnake\MySnake\MySnake\Food.h(27,10): warning C4244:             T=float
C:\Users\ugur_\Desktop\git repos\MySnake\MySnake\MySnake\Food.h(27,10): warning C4244:         ]
  (compiling source file 'Snake.cpp')
  
C:\Users\ugur_\Desktop\git repos\MySnake\MySnake\MySnake\Snake.cpp(27,13): warning C4267: 'initializing': conversion from 'size_t' to 'int', possible loss of data
C:\Users\ugur_\Desktop\git repos\MySnake\MySnake\MySnake\Snake.cpp(35,32): warning C4244: 'argument': conversion from 'double' to 'float', possible loss of data
C:\Users\ugur_\Desktop\git repos\MySnake\MySnake\MySnake\Snake.cpp(35,23): warning C4244: 'argument': conversion from 'double' to 'float', possible loss of data
C:\Users\ugur_\Desktop\git repos\MySnake\MySnake\MySnake\Snake.cpp(68,17): warning C4244: 'argument': conversion from 'float' to 'int', possible loss of data
C:\Users\ugur_\Desktop\git repos\MySnake\MySnake\MySnake\Snake.cpp(67,14): warning C4244: 'argument': conversion from 'float' to 'int', possible loss of data
C:\Users\ugur_\Desktop\git repos\MySnake\MySnake\MySnake\Snake.cpp(78,17): warning C4244: 'argument': conversion from 'float' to 'int', possible loss of data
C:\Users\ugur_\Desktop\git repos\MySnake\MySnake\MySnake\Snake.cpp(77,14): warning C4244: 'argument': conversion from 'float' to 'int', possible loss of data
C:\Users\ugur_\Desktop\git repos\MySnake\MySnake\MySnake\Snake.cpp(86,14): warning C4244: 'argument': conversion from 'float' to 'int', possible loss of data
C:\Users\ugur_\Desktop\git repos\MySnake\MySnake\MySnake\Snake.cpp(85,17): warning C4244: 'argument': conversion from 'float' to 'int', possible loss of data
C:\Users\ugur_\Desktop\git repos\MySnake\MySnake\MySnake\Snake.cpp(94,14): warning C4244: 'argument': conversion from 'float' to 'int', possible loss of data
C:\Users\ugur_\Desktop\git repos\MySnake\MySnake\MySnake\Snake.cpp(93,17): warning C4244: 'argument': conversion from 'float' to 'int', possible loss of data
  Generating code
  1 of 689 functions ( 0.1%) were compiled, the rest were copied from previous compilation.
    0 functions were new in current compilation
    2 functions had inline decision re-evaluated but remain unchanged
  Finished generating code
  MySnake.vcxproj -> C:\Users\ugur_\Desktop\git repos\MySnake\MySnake\x64\Release\MySnake.exe
