  Food.cpp
C:\Users\ugur_\Desktop\git repos\MySnake\MySnake\MySnake\Food.h(27,10): warning C4244: 'return': conversion from 'T' to 'int', possible loss of data
C:\Users\ugur_\Desktop\git repos\MySnake\MySnake\MySnake\Food.h(27,10): warning C4244:         with
C:\Users\ugur_\Desktop\git repos\MySnake\MySnake\MySnake\Food.h(27,10): warning C4244:         [
C:\Users\ugur_\Desktop\git repos\MySnake\MySnake\MySnake\Food.h(27,10): warning C4244:             T=float
C:\Users\ugur_\Desktop\git repos\MySnake\MySnake\MySnake\Food.h(27,10): warning C4244:         ]
  (compiling source file 'Food.cpp')
  
  Game_Manager.cpp
C:\Users\ugur_\Desktop\git repos\MySnake\MySnake\MySnake\Food.h(27,10): warning C4244: 'return': conversion from 'T' to 'int', possible loss of data
C:\Users\ugur_\Desktop\git repos\MySnake\MySnake\MySnake\Food.h(27,10): warning C4244:         with
C:\Users\ugur_\Desktop\git repos\MySnake\MySnake\MySnake\Food.h(27,10): warning C4244:         [
C:\Users\ugur_\Desktop\git repos\MySnake\MySnake\MySnake\Food.h(27,10): warning C4244:             T=float
C:\Users\ugur_\Desktop\git repos\MySnake\MySnake\MySnake\Food.h(27,10): warning C4244:         ]
  (compiling source file 'Game_Manager.cpp')
  
C:\Users\ugur_\Desktop\git repos\MySnake\MySnake\MySnake\Game_Manager.cpp(18,28): warning C4244: 'initializing': conversion from 'float' to 'int', possible loss of data
C:\Users\ugur_\Desktop\git repos\MySnake\MySnake\MySnake\Game_Manager.cpp(19,26): warning C4244: 'initializing': conversion from 'float' to 'int', possible loss of data
C:\Users\ugur_\Desktop\git repos\MySnake\MySnake\MySnake\Game_Manager.cpp(213,13): warning C4267: 'initializing': conversion from 'size_t' to 'int', possible loss of data
  Snake.cpp
C:\Users\ugur_\Desktop\git repos\MySnake\MySnake\MySnake\Food.h(27,10): warning C4244: 'return': conversion from 'T' to 'int', possible loss of data
C:\Users\ugur_\Desktop\git repos\MySnake\MySnake\MySnake\Food.h(27,10): warning C4244:         with
C:\Users\ugur_\Desktop\git repos\MySnake\MySnake\MySnake\Food.h(27,10): warning C4244:         [
C:\Users\ugur_\Desktop\git repos\MySnake\MySnake\MySnake\Food.h(27,10): warning C4244:             T=float
C:\Users\ugur_\Desktop\git repos\MySnake\MySnake\MySnake\Food.h(27,10): warning C4244:         ]
  (compiling source file 'Snake.cpp')
  
C:\Users\ugur_\Desktop\git repos\MySnake\MySnake\MySnake\Snake.cpp(27,13): warning C4267: 'initializing': conversion from 'size_t' to 'int', possible loss of data
C:\Users\ugur_\Desktop\git repos\MySnake\MySnake\MySnake\Snake.cpp(35,32): warning C4244: 'argument': conversion from 'double' to 'float', possible loss of data
C:\Users\ugur_\Desktop\git repos\MySnake\MySnake\MySnake\Snake.cpp(35,23): warning C4244: 'argument': conversion from 'double' to 'float', possible loss of data
C:\Users\ugur_\Desktop\git repos\MySnake\MySnake\MySnake\Snake.cpp(68,17): warning C4244: 'argument': conversion from 'float' to 'int', possible loss of data
C:\Users\ugur_\Desktop\git repos\MySnake\MySnake\MySnake\Snake.cpp(67,14): warning C4244: 'argument': conversion from 'float' to 'int', possible loss of data
C:\Users\ugur_\Desktop\git repos\MySnake\MySnake\MySnake\Snake.cpp(78,17): warning C4244: 'argument': conversion from 'float' to 'int', possible loss of data
C:\Users\ugur_\Desktop\git repos\MySnake\MySnake\MySnake\Snake.cpp(77,14): warning C4244: 'argument': conversion from 'float' to 'int', possible loss of data
C:\Users\ugur_\Desktop\git repos\MySnake\MySnake\MySnake\Snake.cpp(86,14): warning C4244: 'argument': conversion from 'float' to 'int', possible loss of data
C:\Users\ugur_\Desktop\git repos\MySnake\MySnake\MySnake\Snake.cpp(85,17): warning C4244: 'argument': conversion from 'float' to 'int', possible loss of data
C:\Users\ugur_\Desktop\git repos\MySnake\MySnake\MySnake\Snake.cpp(94,14): warning C4244: 'argument': conversion from 'float' to 'int', possible loss of data
C:\Users\ugur_\Desktop\git repos\MySnake\MySnake\MySnake\Snake.cpp(93,17): warning C4244: 'argument': conversion from 'float' to 'int', possible loss of data
  game_over_overlay.cpp
  game_play_overlay.cpp
C:\Users\ugur_\Desktop\git repos\MySnake\MySnake\MySnake\Food.h(27,10): warning C4244: 'return': conversion from 'T' to 'int', possible loss of data
C:\Users\ugur_\Desktop\git repos\MySnake\MySnake\MySnake\Food.h(27,10): warning C4244:         with
C:\Users\ugur_\Desktop\git repos\MySnake\MySnake\MySnake\Food.h(27,10): warning C4244:         [
C:\Users\ugur_\Desktop\git repos\MySnake\MySnake\MySnake\Food.h(27,10): warning C4244:             T=float
C:\Users\ugur_\Desktop\git repos\MySnake\MySnake\MySnake\Food.h(27,10): warning C4244:         ]
  (compiling source file 'game_play_overlay.cpp')
  
  game_start_overlay.cpp
  main.cpp
C:\Users\ugur_\Desktop\git repos\MySnake\MySnake\MySnake\Food.h(27,10): warning C4244: 'return': conversion from 'T' to 'int', possible loss of data
C:\Users\ugur_\Desktop\git repos\MySnake\MySnake\MySnake\Food.h(27,10): warning C4244:         with
C:\Users\ugur_\Desktop\git repos\MySnake\MySnake\MySnake\Food.h(27,10): warning C4244:         [
C:\Users\ugur_\Desktop\git repos\MySnake\MySnake\MySnake\Food.h(27,10): warning C4244:             T=float
C:\Users\ugur_\Desktop\git repos\MySnake\MySnake\MySnake\Food.h(27,10): warning C4244:         ]
  (compiling source file 'main.cpp')
  
  Generating Code...
  MySnake.vcxproj -> C:\Users\ugur_\Desktop\git repos\MySnake\MySnake\x64\Debug\MySnake.exe
