c:\users\ugur_\desktop\git repos\mysnake\mysnake\mysnake\x64\debug\vc143.pdb
c:\users\ugur_\desktop\git repos\mysnake\mysnake\mysnake\x64\debug\vc143.idb
c:\users\ugur_\desktop\git repos\mysnake\mysnake\mysnake\x64\debug\wall.obj
c:\users\ugur_\desktop\git repos\mysnake\mysnake\mysnake\x64\debug\snake.obj
c:\users\ugur_\desktop\git repos\mysnake\mysnake\mysnake\x64\debug\screen.obj
c:\users\ugur_\desktop\git repos\mysnake\mysnake\mysnake\x64\debug\main.obj
c:\users\ugur_\desktop\git repos\mysnake\mysnake\mysnake\x64\debug\game_start_overlay.obj
c:\users\ugur_\desktop\git repos\mysnake\mysnake\mysnake\x64\debug\game_play_overlay.obj
c:\users\ugur_\desktop\git repos\mysnake\mysnake\mysnake\x64\debug\game_over_overlay.obj
c:\users\ugur_\desktop\git repos\mysnake\mysnake\mysnake\x64\debug\game_manager.obj
c:\users\ugur_\desktop\git repos\mysnake\mysnake\mysnake\x64\debug\food.obj
c:\users\ugur_\desktop\git repos\mysnake\mysnake\mysnake\x64\debug\entity_manager.obj
c:\users\ugur_\desktop\git repos\mysnake\mysnake\mysnake\x64\debug\entity.obj
c:\users\ugur_\desktop\git repos\mysnake\mysnake\x64\debug\mysnake.exe
c:\users\ugur_\desktop\git repos\mysnake\mysnake\x64\debug\mysnake.pdb
c:\users\ugur_\desktop\git repos\mysnake\mysnake\mysnake\x64\debug\mysnake.ilk
c:\users\ugur_\desktop\git repos\mysnake\mysnake\mysnake\x64\debug\mysnake.tlog\cl.command.1.tlog
c:\users\ugur_\desktop\git repos\mysnake\mysnake\mysnake\x64\debug\mysnake.tlog\cl.items.tlog
c:\users\ugur_\desktop\git repos\mysnake\mysnake\mysnake\x64\debug\mysnake.tlog\cl.read.1.tlog
c:\users\ugur_\desktop\git repos\mysnake\mysnake\mysnake\x64\debug\mysnake.tlog\cl.write.1.tlog
c:\users\ugur_\desktop\git repos\mysnake\mysnake\mysnake\x64\debug\mysnake.tlog\link.command.1.tlog
c:\users\ugur_\desktop\git repos\mysnake\mysnake\mysnake\x64\debug\mysnake.tlog\link.read.1.tlog
c:\users\ugur_\desktop\git repos\mysnake\mysnake\mysnake\x64\debug\mysnake.tlog\link.secondary.1.tlog
c:\users\ugur_\desktop\git repos\mysnake\mysnake\mysnake\x64\debug\mysnake.tlog\link.write.1.tlog
